<?xml version="1.0" encoding="UTF-8"?>
<testsuite xmlns:xsi="http://www.w3.org/2001/XMLSchema-instance" xsi:noNamespaceSchemaLocation="https://maven.apache.org/surefire/maven-surefire-plugin/xsd/surefire-test-report.xsd" name="com.subex.ngp.processors.sample.MyProcessorTest" time="0.111" tests="1" errors="0" skipped="0" failures="0">
  <properties>
    <property name="awt.toolkit" value="sun.awt.X11.XToolkit"/>
    <property name="file.encoding.pkg" value="sun.io"/>
    <property name="java.specification.version" value="1.8"/>
    <property name="sun.cpu.isalist" value=""/>
    <property name="sun.jnu.encoding" value="ANSI_X3.4-1968"/>
    <property name="java.class.path" value="/home/abhik.lodh/Projects/nifi-learn/sample/nifi-sample-processors/target/test-classes:/home/abhik.lodh/Projects/nifi-learn/sample/nifi-sample-processors/target/classes:/home/abhik.lodh/.m2/repository/org/apache/nifi/nifi-api/1.12.1/nifi-api-1.12.1.jar:/home/abhik.lodh/.m2/repository/org/apache/nifi/nifi-utils/1.12.1/nifi-utils-1.12.1.jar:/home/abhik.lodh/.m2/repository/org/apache/nifi/nifi-mock/1.12.1/nifi-mock-1.12.1.jar:/home/abhik.lodh/.m2/repository/org/apache/nifi/nifi-framework-api/1.12.1/nifi-framework-api-1.12.1.jar:/home/abhik.lodh/.m2/repository/org/apache/nifi/nifi-parameter/1.12.1/nifi-parameter-1.12.1.jar:/home/abhik.lodh/.m2/repository/org/apache/nifi/nifi-expression-language/1.12.1/nifi-expression-language-1.12.1.jar:/home/abhik.lodh/.m2/repository/org/antlr/antlr-runtime/3.5.2/antlr-runtime-3.5.2.jar:/home/abhik.lodh/.m2/repository/com/jayway/jsonpath/json-path/2.4.0/json-path-2.4.0.jar:/home/abhik.lodh/.m2/repository/net/minidev/json-smart/2.3/json-smart-2.3.jar:/home/abhik.lodh/.m2/repository/net/minidev/accessors-smart/1.2/accessors-smart-1.2.jar:/home/abhik.lodh/.m2/repository/org/ow2/asm/asm/5.0.4/asm-5.0.4.jar:/home/abhik.lodh/.m2/repository/com/fasterxml/jackson/core/jackson-databind/2.9.10.5/jackson-databind-2.9.10.5.jar:/home/abhik.lodh/.m2/repository/com/fasterxml/jackson/core/jackson-annotations/2.9.10/jackson-annotations-2.9.10.jar:/home/abhik.lodh/.m2/repository/com/fasterxml/jackson/core/jackson-core/2.9.10/jackson-core-2.9.10.jar:/home/abhik.lodh/.m2/repository/org/apache/commons/commons-text/1.8/commons-text-1.8.jar:/home/abhik.lodh/.m2/repository/org/apache/commons/commons-lang3/3.9/commons-lang3-3.9.jar:/home/abhik.lodh/.m2/repository/commons-codec/commons-codec/1.14/commons-codec-1.14.jar:/home/abhik.lodh/.m2/repository/org/apache/nifi/nifi-data-provenance-utils/1.12.1/nifi-data-provenance-utils-1.12.1.jar:/home/abhik.lodh/.m2/repository/org/apache/nifi/nifi-security-utils/1.12.1/nifi-security-utils-1.12.1.jar:/home/abhik.lodh/.m2/repository/org/apache/nifi/nifi-security-utils-api/1.12.1/nifi-security-utils-api-1.12.1.jar:/home/abhik.lodh/.m2/repository/org/bouncycastle/bcpkix-jdk15on/1.66/bcpkix-jdk15on-1.66.jar:/home/abhik.lodh/.m2/repository/at/favre/lib/bcrypt/0.9.0/bcrypt-0.9.0.jar:/home/abhik.lodh/.m2/repository/at/favre/lib/bytes/1.3.0/bytes-1.3.0.jar:/home/abhik.lodh/.m2/repository/org/apache/commons/commons-configuration2/2.7/commons-configuration2-2.7.jar:/home/abhik.lodh/.m2/repository/commons-logging/commons-logging/1.2/commons-logging-1.2.jar:/home/abhik.lodh/.m2/repository/org/bouncycastle/bcprov-jdk15on/1.66/bcprov-jdk15on-1.66.jar:/home/abhik.lodh/.m2/repository/org/apache/nifi/nifi-properties-loader/1.12.1/nifi-properties-loader-1.12.1.jar:/home/abhik.lodh/.m2/repository/org/apache/nifi/nifi-properties/1.12.1/nifi-properties-1.12.1.jar:/home/abhik.lodh/.m2/repository/org/slf4j/slf4j-simple/1.7.30/slf4j-simple-1.7.30.jar:/home/abhik.lodh/.m2/repository/org/slf4j/slf4j-api/1.7.30/slf4j-api-1.7.30.jar:/home/abhik.lodh/.m2/repository/junit/junit/4.13/junit-4.13.jar:/home/abhik.lodh/.m2/repository/org/hamcrest/hamcrest-core/1.3/hamcrest-core-1.3.jar:/home/abhik.lodh/.m2/repository/org/mockito/mockito-core/2.28.2/mockito-core-2.28.2.jar:/home/abhik.lodh/.m2/repository/net/bytebuddy/byte-buddy/1.9.10/byte-buddy-1.9.10.jar:/home/abhik.lodh/.m2/repository/net/bytebuddy/byte-buddy-agent/1.9.10/byte-buddy-agent-1.9.10.jar:/home/abhik.lodh/.m2/repository/org/objenesis/objenesis/2.6/objenesis-2.6.jar:/home/abhik.lodh/.m2/repository/org/codehaus/groovy/groovy-test/2.5.6/groovy-test-2.5.6.jar:/home/abhik.lodh/.m2/repository/org/codehaus/groovy/groovy/2.5.6/groovy-2.5.6.jar:"/>
    <property name="java.vm.vendor" value="Private Build"/>
    <property name="sun.arch.data.model" value="64"/>
    <property name="java.vendor.url" value="http://java.oracle.com/"/>
    <property name="user.timezone" value=""/>
    <property name="java.vm.specification.version" value="1.8"/>
    <property name="os.name" value="Linux"/>
    <property name="user.country" value="US"/>
    <property name="sun.java.launcher" value="SUN_STANDARD"/>
    <property name="sun.boot.library.path" value="/usr/lib/jvm/java-8-openjdk-amd64/jre/lib/amd64"/>
    <property name="sun.java.command" value="/home/abhik.lodh/Projects/nifi-learn/sample/nifi-sample-processors/target/surefire/surefirebooter567856083878084750.jar /home/abhik.lodh/Projects/nifi-learn/sample/nifi-sample-processors/target/surefire 2023-03-11T10-38-52_094-jvmRun1 surefire3735766429382116633tmp surefire_07247278460970309646tmp"/>
    <property name="surefire.test.class.path" value="/home/abhik.lodh/Projects/nifi-learn/sample/nifi-sample-processors/target/test-classes:/home/abhik.lodh/Projects/nifi-learn/sample/nifi-sample-processors/target/classes:/home/abhik.lodh/.m2/repository/org/apache/nifi/nifi-api/1.12.1/nifi-api-1.12.1.jar:/home/abhik.lodh/.m2/repository/org/apache/nifi/nifi-utils/1.12.1/nifi-utils-1.12.1.jar:/home/abhik.lodh/.m2/repository/org/apache/nifi/nifi-mock/1.12.1/nifi-mock-1.12.1.jar:/home/abhik.lodh/.m2/repository/org/apache/nifi/nifi-framework-api/1.12.1/nifi-framework-api-1.12.1.jar:/home/abhik.lodh/.m2/repository/org/apache/nifi/nifi-parameter/1.12.1/nifi-parameter-1.12.1.jar:/home/abhik.lodh/.m2/repository/org/apache/nifi/nifi-expression-language/1.12.1/nifi-expression-language-1.12.1.jar:/home/abhik.lodh/.m2/repository/org/antlr/antlr-runtime/3.5.2/antlr-runtime-3.5.2.jar:/home/abhik.lodh/.m2/repository/com/jayway/jsonpath/json-path/2.4.0/json-path-2.4.0.jar:/home/abhik.lodh/.m2/repository/net/minidev/json-smart/2.3/json-smart-2.3.jar:/home/abhik.lodh/.m2/repository/net/minidev/accessors-smart/1.2/accessors-smart-1.2.jar:/home/abhik.lodh/.m2/repository/org/ow2/asm/asm/5.0.4/asm-5.0.4.jar:/home/abhik.lodh/.m2/repository/com/fasterxml/jackson/core/jackson-databind/2.9.10.5/jackson-databind-2.9.10.5.jar:/home/abhik.lodh/.m2/repository/com/fasterxml/jackson/core/jackson-annotations/2.9.10/jackson-annotations-2.9.10.jar:/home/abhik.lodh/.m2/repository/com/fasterxml/jackson/core/jackson-core/2.9.10/jackson-core-2.9.10.jar:/home/abhik.lodh/.m2/repository/org/apache/commons/commons-text/1.8/commons-text-1.8.jar:/home/abhik.lodh/.m2/repository/org/apache/commons/commons-lang3/3.9/commons-lang3-3.9.jar:/home/abhik.lodh/.m2/repository/commons-codec/commons-codec/1.14/commons-codec-1.14.jar:/home/abhik.lodh/.m2/repository/org/apache/nifi/nifi-data-provenance-utils/1.12.1/nifi-data-provenance-utils-1.12.1.jar:/home/abhik.lodh/.m2/repository/org/apache/nifi/nifi-security-utils/1.12.1/nifi-security-utils-1.12.1.jar:/home/abhik.lodh/.m2/repository/org/apache/nifi/nifi-security-utils-api/1.12.1/nifi-security-utils-api-1.12.1.jar:/home/abhik.lodh/.m2/repository/org/bouncycastle/bcpkix-jdk15on/1.66/bcpkix-jdk15on-1.66.jar:/home/abhik.lodh/.m2/repository/at/favre/lib/bcrypt/0.9.0/bcrypt-0.9.0.jar:/home/abhik.lodh/.m2/repository/at/favre/lib/bytes/1.3.0/bytes-1.3.0.jar:/home/abhik.lodh/.m2/repository/org/apache/commons/commons-configuration2/2.7/commons-configuration2-2.7.jar:/home/abhik.lodh/.m2/repository/commons-logging/commons-logging/1.2/commons-logging-1.2.jar:/home/abhik.lodh/.m2/repository/org/bouncycastle/bcprov-jdk15on/1.66/bcprov-jdk15on-1.66.jar:/home/abhik.lodh/.m2/repository/org/apache/nifi/nifi-properties-loader/1.12.1/nifi-properties-loader-1.12.1.jar:/home/abhik.lodh/.m2/repository/org/apache/nifi/nifi-properties/1.12.1/nifi-properties-1.12.1.jar:/home/abhik.lodh/.m2/repository/org/slf4j/slf4j-simple/1.7.30/slf4j-simple-1.7.30.jar:/home/abhik.lodh/.m2/repository/org/slf4j/slf4j-api/1.7.30/slf4j-api-1.7.30.jar:/home/abhik.lodh/.m2/repository/junit/junit/4.13/junit-4.13.jar:/home/abhik.lodh/.m2/repository/org/hamcrest/hamcrest-core/1.3/hamcrest-core-1.3.jar:/home/abhik.lodh/.m2/repository/org/mockito/mockito-core/2.28.2/mockito-core-2.28.2.jar:/home/abhik.lodh/.m2/repository/net/bytebuddy/byte-buddy/1.9.10/byte-buddy-1.9.10.jar:/home/abhik.lodh/.m2/repository/net/bytebuddy/byte-buddy-agent/1.9.10/byte-buddy-agent-1.9.10.jar:/home/abhik.lodh/.m2/repository/org/objenesis/objenesis/2.6/objenesis-2.6.jar:/home/abhik.lodh/.m2/repository/org/codehaus/groovy/groovy-test/2.5.6/groovy-test-2.5.6.jar:/home/abhik.lodh/.m2/repository/org/codehaus/groovy/groovy/2.5.6/groovy-2.5.6.jar:"/>
    <property name="sun.cpu.endian" value="little"/>
    <property name="user.home" value="/home/abhik.lodh"/>
    <property name="user.language" value="en"/>
    <property name="java.specification.vendor" value="Oracle Corporation"/>
    <property name="java.home" value="/usr/lib/jvm/java-8-openjdk-amd64/jre"/>
    <property name="basedir" value="/home/abhik.lodh/Projects/nifi-learn/sample/nifi-sample-processors"/>
    <property name="file.separator" value="/"/>
    <property name="line.separator" value="&#10;"/>
    <property name="java.vm.specification.vendor" value="Oracle Corporation"/>
    <property name="java.specification.name" value="Java Platform API Specification"/>
    <property name="java.awt.graphicsenv" value="sun.awt.X11GraphicsEnvironment"/>
    <property name="java.awt.headless" value="true"/>
    <property name="surefire.real.class.path" value="/home/abhik.lodh/Projects/nifi-learn/sample/nifi-sample-processors/target/surefire/surefirebooter567856083878084750.jar"/>
    <property name="sun.boot.class.path" value="/usr/lib/jvm/java-8-openjdk-amd64/jre/lib/resources.jar:/usr/lib/jvm/java-8-openjdk-amd64/jre/lib/rt.jar:/usr/lib/jvm/java-8-openjdk-amd64/jre/lib/sunrsasign.jar:/usr/lib/jvm/java-8-openjdk-amd64/jre/lib/jsse.jar:/usr/lib/jvm/java-8-openjdk-amd64/jre/lib/jce.jar:/usr/lib/jvm/java-8-openjdk-amd64/jre/lib/charsets.jar:/usr/lib/jvm/java-8-openjdk-amd64/jre/lib/jfr.jar:/usr/lib/jvm/java-8-openjdk-amd64/jre/classes"/>
    <property name="sun.management.compiler" value="HotSpot 64-Bit Tiered Compilers"/>
    <property name="java.runtime.version" value="1.8.0_362-8u362-ga-0ubuntu1~22.10-b09"/>
    <property name="java.net.preferIPv4Stack" value="true"/>
    <property name="user.name" value="abhik.lodh"/>
    <property name="path.separator" value=":"/>
    <property name="os.version" value="5.19.0-35-generic"/>
    <property name="java.endorsed.dirs" value="/usr/lib/jvm/java-8-openjdk-amd64/jre/lib/endorsed"/>
    <property name="java.runtime.name" value="OpenJDK Runtime Environment"/>
    <property name="file.encoding" value="UTF-8"/>
    <property name="java.vm.name" value="OpenJDK 64-Bit Server VM"/>
    <property name="localRepository" value="/home/abhik.lodh/.m2/repository"/>
    <property name="java.vendor.url.bug" value="http://bugreport.sun.com/bugreport/"/>
    <property name="java.io.tmpdir" value="/tmp"/>
    <property name="java.version" value="1.8.0_362"/>
    <property name="user.dir" value="/home/abhik.lodh/Projects/nifi-learn/sample/nifi-sample-processors"/>
    <property name="os.arch" value="amd64"/>
    <property name="java.vm.specification.name" value="Java Virtual Machine Specification"/>
    <property name="java.awt.printerjob" value="sun.print.PSPrinterJob"/>
    <property name="sun.os.patch.level" value="unknown"/>
    <property name="java.library.path" value="/usr/java/packages/lib/amd64:/usr/lib/x86_64-linux-gnu/jni:/lib/x86_64-linux-gnu:/usr/lib/x86_64-linux-gnu:/usr/lib/jni:/lib:/usr/lib"/>
    <property name="java.vm.info" value="mixed mode"/>
    <property name="java.vendor" value="Private Build"/>
    <property name="java.vm.version" value="25.362-b09"/>
    <property name="java.specification.maintenance.version" value="4"/>
    <property name="java.ext.dirs" value="/usr/lib/jvm/java-8-openjdk-amd64/jre/lib/ext:/usr/java/packages/lib/ext"/>
    <property name="sun.io.unicode.encoding" value="UnicodeLittle"/>
    <property name="enforcer.skip" value="true"/>
    <property name="java.class.version" value="52.0"/>
  </properties>
  <testcase name="testProcessor" classname="com.subex.ngp.processors.sample.MyProcessorTest" time="0.064"/>
</testsuite>